<?xml version="1.0" encoding="UTF-8"?>
<testng-results ignored="0" total="1" passed="1" failed="0" skipped="0">
  <reporter-output>
  </reporter-output>
  <suite started-at="2022-06-20T10:42:47 EEST" name="scenario.Scenario" finished-at="2022-06-20T10:42:56 EEST" duration-ms="8826">
    <groups>
    </groups>
    <test started-at="2022-06-20T10:42:47 EEST" name="Command line test" finished-at="2022-06-20T10:42:56 EEST" duration-ms="8826">
      <class name="scenario.Scenario">
        <test-method is-config="true" signature="setUp()[pri:0, instance:scenario.Scenario@6a78afa0]" started-at="2022-06-20T10:42:47 EEST" name="setUp" finished-at="2022-06-20T10:42:50 EEST" duration-ms="2615" status="PASS">
          <reporter-output>
          </reporter-output>
        </test-method> <!-- setUp -->
        <test-method signature="WebDriverHometask()[pri:0, instance:scenario.Scenario@6a78afa0]" started-at="2022-06-20T10:42:50 EEST" name="WebDriverHometask" finished-at="2022-06-20T10:42:55 EEST" duration-ms="5581" status="PASS">
          <reporter-output>
          </reporter-output>
        </test-method> <!-- WebDriverHometask -->
        <test-method is-config="true" signature="tearDown()[pri:0, instance:scenario.Scenario@6a78afa0]" started-at="2022-06-20T10:42:55 EEST" name="tearDown" finished-at="2022-06-20T10:42:56 EEST" duration-ms="599" status="PASS">
          <reporter-output>
          </reporter-output>
        </test-method> <!-- tearDown -->
      </class> <!-- scenario.Scenario -->
    </test> <!-- Command line test -->
  </suite> <!-- scenario.Scenario -->
</testng-results>
